# JRE version: Java(TM) SE Runtime Environment (8.0_51-b16) (build 1.8.0_51-b16)
# Java VM: Java HotSpot(TM) 64-Bit Server VM (25.51-b03 mixed mode windows-amd64 compressed oops)
Heap:
 PSYoungGen      total 266752K, used 60915K [0x00000000d6e00000, 0x00000000e8100000, 0x0000000100000000)
  eden space 253440K, 20% used [0x00000000d6e00000,0x00000000d9fa84c0,0x00000000e6580000)
  from space 13312K, 75% used [0x00000000e7300000,0x00000000e7cd4830,0x00000000e8000000)
  to   space 13824K, 0% used [0x00000000e6580000,0x00000000e6580000,0x00000000e7300000)
 ParOldGen       total 84992K, used 26327K [0x0000000084a00000, 0x0000000089d00000, 0x00000000d6e00000)
  object space 84992K, 30% used [0x0000000084a00000,0x00000000863b5da8,0x0000000089d00000)
 Metaspace       used 20263K, capacity 20620K, committed 20864K, reserved 1067008K
  class space    used 2525K, capacity 2625K, committed 2688K, reserved 1048576K
GC Heap History (10 events):
Event: 2452.352 GC heap before
{Heap before GC invocations=4 (full 0):
 PSYoungGen      total 36864K, used 36850K [0x00000000d6e00000, 0x00000000db600000, 0x0000000100000000)
  eden space 31744K, 99% used [0x00000000d6e00000,0x00000000d8cfda50,0x00000000d8d00000)
  from space 5120K, 99% used [0x00000000d8d00000,0x00000000d91fee20,0x00000000d9200000)
  to   space 5120K, 0% used [0x00000000db100000,0x00000000db100000,0x00000000db600000)
 ParOldGen       total 84992K, used 10513K [0x0000000084a00000, 0x0000000089d00000, 0x00000000d6e00000)
  object space 84992K, 12% used [0x0000000084a00000,0x0000000085444610,0x0000000089d00000)
 Metaspace       used 19262K, capacity 19598K, committed 19840K, reserved 1067008K
  class space    used 2501K, capacity 2588K, committed 2688K, reserved 1048576K
Event: 2452.364 GC heap after
Heap after GC invocations=4 (full 0):
 PSYoungGen      total 68608K, used 5104K [0x00000000d6e00000, 0x00000000db600000, 0x0000000100000000)
  eden space 63488K, 0% used [0x00000000d6e00000,0x00000000d6e00000,0x00000000dac00000)
  from space 5120K, 99% used [0x00000000db100000,0x00000000db5fc2b8,0x00000000db600000)
  to   space 5120K, 0% used [0x00000000dac00000,0x00000000dac00000,0x00000000db100000)
 ParOldGen       total 84992K, used 10557K [0x0000000084a00000, 0x0000000089d00000, 0x00000000d6e00000)
  object space 84992K, 12% used [0x0000000084a00000,0x000000008544f730,0x0000000089d00000)
 Metaspace       used 19262K, capacity 19598K, committed 19840K, reserved 1067008K
  class space    used 2501K, capacity 2588K, committed 2688K, reserved 1048576K
}
Event: 2452.387 GC heap before
{Heap before GC invocations=5 (full 0):
 PSYoungGen      total 68608K, used 68571K [0x00000000d6e00000, 0x00000000db600000, 0x0000000100000000)
  eden space 63488K, 99% used [0x00000000d6e00000,0x00000000dabfaa08,0x00000000dac00000)
  from space 5120K, 99% used [0x00000000db100000,0x00000000db5fc2b8,0x00000000db600000)
  to   space 5120K, 0% used [0x00000000dac00000,0x00000000dac00000,0x00000000db100000)
 ParOldGen       total 84992K, used 10557K [0x0000000084a00000, 0x0000000089d00000, 0x00000000d6e00000)
  object space 84992K, 12% used [0x0000000084a00000,0x000000008544f730,0x0000000089d00000)
 Metaspace       used 19262K, capacity 19598K, committed 19840K, reserved 1067008K
  class space    used 2501K, capacity 2588K, committed 2688K, reserved 1048576K
Event: 2452.396 GC heap after
Heap after GC invocations=5 (full 0):
 PSYoungGen      total 68608K, used 5103K [0x00000000d6e00000, 0x00000000e0600000, 0x0000000100000000)
  eden space 63488K, 0% used [0x00000000d6e00000,0x00000000d6e00000,0x00000000dac00000)
  from space 5120K, 99% used [0x00000000dac00000,0x00000000db0fbce0,0x00000000db100000)
  to   space 14336K, 0% used [0x00000000df800000,0x00000000df800000,0x00000000e0600000)
 ParOldGen       total 84992K, used 10581K [0x0000000084a00000, 0x0000000089d00000, 0x00000000d6e00000)
  object space 84992K, 12% used [0x0000000084a00000,0x0000000085455730,0x0000000089d00000)
 Metaspace       used 19262K, capacity 19598K, committed 19840K, reserved 1067008K
  class space    used 2501K, capacity 2588K, committed 2688K, reserved 1048576K
}
Event: 2452.615 GC heap before
{Heap before GC invocations=6 (full 0):
 PSYoungGen      total 68608K, used 68591K [0x00000000d6e00000, 0x00000000e0600000, 0x0000000100000000)
  eden space 63488K, 100% used [0x00000000d6e00000,0x00000000dac00000,0x00000000dac00000)
  from space 5120K, 99% used [0x00000000dac00000,0x00000000db0fbce0,0x00000000db100000)
  to   space 14336K, 0% used [0x00000000df800000,0x00000000df800000,0x00000000e0600000)
 ParOldGen       total 84992K, used 10581K [0x0000000084a00000, 0x0000000089d00000, 0x00000000d6e00000)
  object space 84992K, 12% used [0x0000000084a00000,0x0000000085455730,0x0000000089d00000)
 Metaspace       used 19264K, capacity 19598K, committed 19840K, reserved 1067008K
  class space    used 2501K, capacity 2588K, committed 2688K, reserved 1048576K
Event: 2452.622 GC heap after
Heap after GC invocations=6 (full 0):
 PSYoungGen      total 140288K, used 4944K [0x00000000d6e00000, 0x00000000e0500000, 0x0000000100000000)
  eden space 126976K, 0% used [0x00000000d6e00000,0x00000000d6e00000,0x00000000dea00000)
  from space 13312K, 37% used [0x00000000df800000,0x00000000dfcd4080,0x00000000e0500000)
  to   space 13824K, 0% used [0x00000000dea00000,0x00000000dea00000,0x00000000df780000)
 ParOldGen       total 84992K, used 10589K [0x0000000084a00000, 0x0000000089d00000, 0x00000000d6e00000)
  object space 84992K, 12% used [0x0000000084a00000,0x0000000085457730,0x0000000089d00000)
 Metaspace       used 19264K, capacity 19598K, committed 19840K, reserved 1067008K
  class space    used 2501K, capacity 2588K, committed 2688K, reserved 1048576K
}
Event: 2480.745 GC heap before
{Heap before GC invocations=7 (full 0):
 PSYoungGen      total 140288K, used 131881K [0x00000000d6e00000, 0x00000000e0500000, 0x0000000100000000)
  eden space 126976K, 99% used [0x00000000d6e00000,0x00000000de9f6620,0x00000000dea00000)
  from space 13312K, 37% used [0x00000000df800000,0x00000000dfcd4080,0x00000000e0500000)
  to   space 13824K, 0% used [0x00000000dea00000,0x00000000dea00000,0x00000000df780000)
 ParOldGen       total 84992K, used 10961K [0x0000000084a00000, 0x0000000089d00000, 0x00000000d6e00000)
  object space 84992K, 12% used [0x0000000084a00000,0x00000000854b47c8,0x0000000089d00000)
 Metaspace       used 20027K, capacity 20364K, committed 20608K, reserved 1067008K
  class space    used 2509K, capacity 2625K, committed 2688K, reserved 1048576K
Event: 2480.760 GC heap after
Heap after GC invocations=7 (full 0):
 PSYoungGen      total 140800K, used 5529K [0x00000000d6e00000, 0x00000000e8000000, 0x0000000100000000)
  eden space 126976K, 0% used [0x00000000d6e00000,0x00000000d6e00000,0x00000000dea00000)
  from space 13824K, 39% used [0x00000000dea00000,0x00000000def66438,0x00000000df780000)
  to   space 13312K, 0% used [0x00000000e7300000,0x00000000e7300000,0x00000000e8000000)
 ParOldGen       total 84992K, used 15608K [0x0000000084a00000, 0x0000000089d00000, 0x00000000d6e00000)
  object space 84992K, 18% used [0x0000000084a00000,0x000000008593e350,0x0000000089d00000)
 Metaspace       used 20027K, capacity 20364K, committed 20608K, reserved 1067008K
  class space    used 2509K, capacity 2625K, committed 2688K, reserved 1048576K
}
Event: 2480.789 GC heap before
{Heap before GC invocations=8 (full 0):
 PSYoungGen      total 140800K, used 132505K [0x00000000d6e00000, 0x00000000e8000000, 0x0000000100000000)
  eden space 126976K, 100% used [0x00000000d6e00000,0x00000000dea00000,0x00000000dea00000)
  from space 13824K, 39% used [0x00000000dea00000,0x00000000def66438,0x00000000df780000)
  to   space 13312K, 0% used [0x00000000e7300000,0x00000000e7300000,0x00000000e8000000)
 ParOldGen       total 84992K, used 21694K [0x0000000084a00000, 0x0000000089d00000, 0x00000000d6e00000)
  object space 84992K, 25% used [0x0000000084a00000,0x0000000085f2f9a0,0x0000000089d00000)
 Metaspace       used 20033K, capacity 20364K, committed 20608K, reserved 1067008K
  class space    used 2509K, capacity 2625K, committed 2688K, reserved 1048576K
Event: 2480.802 GC heap after
Heap after GC invocations=8 (full 0):
 PSYoungGen      total 266752K, used 10066K [0x00000000d6e00000, 0x00000000e8100000, 0x0000000100000000)
  eden space 253440K, 0% used [0x00000000d6e00000,0x00000000d6e00000,0x00000000e6580000)
  from space 13312K, 75% used [0x00000000e7300000,0x00000000e7cd4830,0x00000000e8000000)
  to   space 13824K, 0% used [0x00000000e6580000,0x00000000e6580000,0x00000000e7300000)
 ParOldGen       total 84992K, used 26327K [0x0000000084a00000, 0x0000000089d00000, 0x00000000d6e00000)
  object space 84992K, 30% used [0x0000000084a00000,0x00000000863b5da8,0x0000000089d00000)
 Metaspace       used 20033K, capacity 20364K, committed 20608K, reserved 1067008K
  class space    used 2509K, capacity 2625K, committed 2688K, reserved 1048576K
}

